Using pre-set license
Built from '2021.3/staging' branch; Version is '2021.3.5f1 (40eb3a945986) revision 4254522'; Using compiler version '192829333'; Build Type 'Release'
OS: 'Windows 10  (10.0.19044) 64bit Core' Language: 'tr' Physical Memory: 8025 MB
BatchMode: 1, IsHumanControllingUs: 0, StartBugReporterOnCrash: 0, Is64bit: 1, IsPro: 1

COMMAND LINE ARGUMENTS:
C:\Program Files\Unity\Hub\Editor\2021.3.5f1\Editor\Unity.exe
-adb2
-batchMode
-noUpm
-name
AssetImportWorker0
-projectPath
C:/ssm/UnityProjects/Dungeon MOBA
-logFile
Logs/AssetImportWorker0.log
-srvPort
49654
Successfully changed project path to: C:/ssm/UnityProjects/Dungeon MOBA
C:/ssm/UnityProjects/Dungeon MOBA
[UnityMemory] Configuration Parameters - Can be set up in boot.config
    "memorysetup-bucket-allocator-granularity=16"
    "memorysetup-bucket-allocator-bucket-count=8"
    "memorysetup-bucket-allocator-block-size=33554432"
    "memorysetup-bucket-allocator-block-count=8"
    "memorysetup-main-allocator-block-size=16777216"
    "memorysetup-thread-allocator-block-size=16777216"
    "memorysetup-gfx-main-allocator-block-size=16777216"
    "memorysetup-gfx-thread-allocator-block-size=16777216"
    "memorysetup-cache-allocator-block-size=4194304"
    "memorysetup-typetree-allocator-block-size=2097152"
    "memorysetup-profiler-bucket-allocator-granularity=16"
    "memorysetup-profiler-bucket-allocator-bucket-count=8"
    "memorysetup-profiler-bucket-allocator-block-size=33554432"
    "memorysetup-profiler-bucket-allocator-block-count=8"
    "memorysetup-profiler-allocator-block-size=16777216"
    "memorysetup-profiler-editor-allocator-block-size=1048576"
    "memorysetup-temp-allocator-size-main=16777216"
    "memorysetup-job-temp-allocator-block-size=2097152"
    "memorysetup-job-temp-allocator-block-size-background=1048576"
    "memorysetup-job-temp-allocator-reduction-small-platforms=262144"
    "memorysetup-temp-allocator-size-background-worker=32768"
    "memorysetup-temp-allocator-size-job-worker=262144"
    "memorysetup-temp-allocator-size-preload-manager=33554432"
    "memorysetup-temp-allocator-size-nav-mesh-worker=65536"
    "memorysetup-temp-allocator-size-audio-worker=65536"
    "memorysetup-temp-allocator-size-cloud-worker=32768"
    "memorysetup-temp-allocator-size-gi-baking-worker=262144"
    "memorysetup-temp-allocator-size-gfx=262144"
Refreshing native plugins compatible for Editor in 264.38 ms, found 3 plugins.
Preloading 0 native plugins for Editor in 0.00 ms.
Initialize engine version: 2021.3.5f1 (40eb3a945986)
[Subsystems] Discovering subsystems at path C:/Program Files/Unity/Hub/Editor/2021.3.5f1/Editor/Data/Resources/UnitySubsystems
[Subsystems] Discovering subsystems at path C:/ssm/UnityProjects/Dungeon MOBA/Assets
GfxDevice: creating device client; threaded=0; jobified=0
Direct3D:
    Version:  Direct3D 11.0 [level 11.0]
    Renderer: NVIDIA GeForce MX130 (ID=0x174d)
    Vendor:   NVIDIA
    VRAM:     2010 MB
    Driver:   30.0.14.7219
Initialize mono
Mono path[0] = 'C:/Program Files/Unity/Hub/Editor/2021.3.5f1/Editor/Data/Managed'
Mono path[1] = 'C:/Program Files/Unity/Hub/Editor/2021.3.5f1/Editor/Data/MonoBleedingEdge/lib/mono/unityjit-win32'
Mono config path = 'C:/Program Files/Unity/Hub/Editor/2021.3.5f1/Editor/Data/MonoBleedingEdge/etc'
Using monoOptions --debugger-agent=transport=dt_socket,embedding=1,server=y,suspend=n,address=127.0.0.1:56044
Begin MonoManager ReloadAssembly
Registering precompiled unity dll's ...
Register platform support module: C:/Program Files/Unity/Hub/Editor/2021.3.5f1/Editor/Data/PlaybackEngines/AndroidPlayer/UnityEditor.Android.Extensions.dll
Register platform support module: C:/Program Files/Unity/Hub/Editor/2021.3.5f1/Editor/Data/PlaybackEngines/WindowsStandaloneSupport/UnityEditor.WindowsStandalone.Extensions.dll
Registered in 0.030800 seconds.
Native extension for WindowsStandalone target not found
Native extension for Android target not found
Refreshing native plugins compatible for Editor in 266.36 ms, found 3 plugins.
Preloading 0 native plugins for Editor in 0.00 ms.
Mono: successfully reloaded assembly
- Completed reload, in  2.621 seconds
Domain Reload Profiling:
	ReloadAssembly (2627ms)
		BeginReloadAssembly (247ms)
			ExecutionOrderSort (0ms)
			DisableScriptedObjects (0ms)
			BackupInstance (0ms)
			ReleaseScriptingObjects (0ms)
			CreateAndSetChildDomain (2ms)
		EndReloadAssembly (1950ms)
			LoadAssemblies (241ms)
			RebuildTransferFunctionScriptingTraits (0ms)
			SetupTypeCache (431ms)
			ReleaseScriptCaches (0ms)
			RebuildScriptCaches (112ms)
			SetupLoadedEditorAssemblies (1210ms)
				LogAssemblyErrors (0ms)
				InitializePlatformSupportModulesInManaged (210ms)
				SetLoadedEditorAssemblies (1ms)
				RefreshPlugins (267ms)
				BeforeProcessingInitializeOnLoad (4ms)
				ProcessInitializeOnLoadAttributes (396ms)
				ProcessInitializeOnLoadMethodAttributes (331ms)
				AfterProcessingInitializeOnLoad (0ms)
				EditorAssembliesLoaded (0ms)
			ExecutionOrderSort2 (0ms)
			AwakeInstancesAfterBackupRestoration (0ms)
Platform modules already initialized, skipping
Registering precompiled user dll's ...
Registered in 0.027665 seconds.
Begin MonoManager ReloadAssembly
Symbol file LoadedFromMemory doesn't match image C:\ssm\UnityProjects\Dungeon MOBA\Library\PackageCache\com.unity.visualscripting@1.7.8\Editor\VisualScripting.Core\Dependencies\YamlDotNet\Unity.VisualScripting.YamlDotNet.dll
Symbol file LoadedFromMemory doesn't match image C:\ssm\UnityProjects\Dungeon MOBA\Library\PackageCache\com.unity.visualscripting@1.7.8\Editor\VisualScripting.Core\Dependencies\DotNetZip\Unity.VisualScripting.IonicZip.dll
Native extension for WindowsStandalone target not found
Native extension for Android target not found
Refreshing native plugins compatible for Editor in 1.41 ms, found 3 plugins.
Preloading 0 native plugins for Editor in 0.00 ms.
Mono: successfully reloaded assembly
- Completed reload, in  3.999 seconds
Domain Reload Profiling:
	ReloadAssembly (4006ms)
		BeginReloadAssembly (544ms)
			ExecutionOrderSort (0ms)
			DisableScriptedObjects (55ms)
			BackupInstance (0ms)
			ReleaseScriptingObjects (0ms)
			CreateAndSetChildDomain (175ms)
		EndReloadAssembly (3022ms)
			LoadAssemblies (297ms)
			RebuildTransferFunctionScriptingTraits (0ms)
			SetupTypeCache (872ms)
			ReleaseScriptCaches (1ms)
			RebuildScriptCaches (181ms)
			SetupLoadedEditorAssemblies (1522ms)
				LogAssemblyErrors (0ms)
				InitializePlatformSupportModulesInManaged (52ms)
				SetLoadedEditorAssemblies (1ms)
				RefreshPlugins (2ms)
				BeforeProcessingInitializeOnLoad (280ms)
				ProcessInitializeOnLoadAttributes (1013ms)
				ProcessInitializeOnLoadMethodAttributes (132ms)
				AfterProcessingInitializeOnLoad (40ms)
				EditorAssembliesLoaded (1ms)
			ExecutionOrderSort2 (0ms)
			AwakeInstancesAfterBackupRestoration (17ms)
Platform modules already initialized, skipping
========================================================================
Worker process is ready to serve import requests
Launched and connected shader compiler UnityShaderCompiler.exe after 0.10 seconds
Refreshing native plugins compatible for Editor in 2.14 ms, found 3 plugins.
Preloading 0 native plugins for Editor in 0.00 ms.
Unloading 3262 Unused Serialized files (Serialized files now loaded: 0)
Unloading 26 unused Assets / (56.4 KB). Loaded Objects now: 3732.
Memory consumption went from 113.5 MB to 113.4 MB.
Total: 8.689700 ms (FindLiveObjects: 0.656500 ms CreateObjectMapping: 0.556100 ms MarkObjects: 7.188400 ms  DeleteObjects: 0.285100 ms)

AssetImportParameters requested are different than current active one (requested -> active):
  custom:video-decoder-ogg-theora: a1e56fd34408186e4bbccfd4996cb3dc -> 
  custom:container-muxer-webm: aa71ff27fc2769a1b78a27578f13a17b -> 
  custom:container-demuxer-webm: 4f35f7cbe854078d1ac9338744f61a02 -> 
  custom:video-encoder-webm-vp8: eb34c28f22e8b96e1ab97ce403110664 -> 
  custom:video-codec-MediaFoundation-h265: 746d11721c4dcdbdad8f713fa42b33f4 -> 
  custom:audio-encoder-webm-vorbis: bf7c407c2cedff20999df2af8eb42d56 -> 
  custom:framework-win-MediaFoundation: 216162199b28c13a410421893ffa2e32 -> 
  custom:container-demuxer-ogg: 62fdf1f143b41e24485cea50d1cbac27 -> 
  custom:video-decoder-webm-vp8: 9c59270c3fd7afecdb556c50c9e8de78 -> 
  custom:audio-decoder-ogg-vorbis: bf7c407c2cedff20999df2af8eb42d56 -> 
========================================================================
Received Import Request.
  Time since last request: 385420.847423 seconds.
  path: Assets/Material
  artifactKey: Guid(850d13c9add595242bed74c42d514b6d) Importer(815301076,1909f56bfc062723c751e8b465ee728b)
Start importing Assets/Material using Guid(850d13c9add595242bed74c42d514b6d) Importer(815301076,1909f56bfc062723c751e8b465ee728b)  -> (artifact id: 'b7a07def754eca4c19734822dda9ba9d') in 0.034231 seconds 
========================================================================
Received Import Request.
  Time since last request: 85.802333 seconds.
  path: Assets/Assets/Models/Player_Models/Fantasy Chess RPG Character - Arthur/FX/mesh/fx_arthur_sheild.FBX
  artifactKey: Guid(6ec57009c04ca8f4e86731adba8976bc) Importer(815301076,1909f56bfc062723c751e8b465ee728b)
Start importing Assets/Assets/Models/Player_Models/Fantasy Chess RPG Character - Arthur/FX/mesh/fx_arthur_sheild.FBX using Guid(6ec57009c04ca8f4e86731adba8976bc) Importer(815301076,1909f56bfc062723c751e8b465ee728b)  -> (artifact id: '02945a36315efd956b0b175bf3e19ee1') in 0.592661 seconds 
========================================================================
Received Import Request.
  Time since last request: 0.519966 seconds.
  path: Assets/Assets/Models/Player_Models/Fantasy Chess RPG Character - Arthur/FX/mesh/fx_arthur_crossray.FBX
  artifactKey: Guid(cff865bb20cee8e42aad29c66b3c72d5) Importer(815301076,1909f56bfc062723c751e8b465ee728b)
Start importing Assets/Assets/Models/Player_Models/Fantasy Chess RPG Character - Arthur/FX/mesh/fx_arthur_crossray.FBX using Guid(cff865bb20cee8e42aad29c66b3c72d5) Importer(815301076,1909f56bfc062723c751e8b465ee728b)  -> (artifact id: 'fc0204a01c71cad80f3b38b0ee799f9a') in 0.330883 seconds 
========================================================================
Received Import Request.
  Time since last request: 1.511084 seconds.
  path: Assets/Assets/Models/Player_Models/Fantasy Chess RPG Character - Arthur/FX/mesh/fx_cross_outside.FBX
  artifactKey: Guid(b749f217cb6f4204483378cb653d3d52) Importer(815301076,1909f56bfc062723c751e8b465ee728b)
Start importing Assets/Assets/Models/Player_Models/Fantasy Chess RPG Character - Arthur/FX/mesh/fx_cross_outside.FBX using Guid(b749f217cb6f4204483378cb653d3d52) Importer(815301076,1909f56bfc062723c751e8b465ee728b)  -> (artifact id: '466f30efbc5ce6195eaee08ad66d2569') in 0.100375 seconds 
========================================================================
Received Import Request.
  Time since last request: 0.337183 seconds.
  path: Assets/Assets/Models/Player_Models/Fantasy Chess RPG Character - Arthur/FX/mesh/fx_cone_02.FBX
  artifactKey: Guid(b8e7a51f776e4c64695898d2f6cf7279) Importer(815301076,1909f56bfc062723c751e8b465ee728b)
Start importing Assets/Assets/Models/Player_Models/Fantasy Chess RPG Character - Arthur/FX/mesh/fx_cone_02.FBX using Guid(b8e7a51f776e4c64695898d2f6cf7279) Importer(815301076,1909f56bfc062723c751e8b465ee728b)  -> (artifact id: '920ab9572a58bc77fd0799ce93451bfe') in 0.057903 seconds 
